c:\jordi serrano berbel\enti\tercer curs\inteligencia artificial\activitat2_v2\project\activitat2_v2\release\vc140.pdb
c:\jordi serrano berbel\enti\tercer curs\inteligencia artificial\activitat2_v2\project\activitat2_v2\release\sdl2_rotozoom.obj
c:\jordi serrano berbel\enti\tercer curs\inteligencia artificial\activitat2_v2\project\activitat2_v2\release\sdl2_gfxprimitives.obj
c:\jordi serrano berbel\enti\tercer curs\inteligencia artificial\activitat2_v2\project\activitat2_v2\release\sdl_fontcache.obj
c:\jordi serrano berbel\enti\tercer curs\inteligencia artificial\activitat2_v2\project\activitat2_v2\release\timestamp.obj
c:\jordi serrano berbel\enti\tercer curs\inteligencia artificial\activitat2_v2\project\activitat2_v2\release\steeringgroup.obj
c:\jordi serrano berbel\enti\tercer curs\inteligencia artificial\activitat2_v2\project\activitat2_v2\release\constants.obj
c:\jordi serrano berbel\enti\tercer curs\inteligencia artificial\activitat2_v2\project\activitat2_v2\release\flowobstacle.obj
c:\jordi serrano berbel\enti\tercer curs\inteligencia artificial\activitat2_v2\project\activitat2_v2\release\flowfieldstate.obj
c:\jordi serrano berbel\enti\tercer curs\inteligencia artificial\activitat2_v2\project\activitat2_v2\release\flowfield.obj
c:\jordi serrano berbel\enti\tercer curs\inteligencia artificial\activitat2_v2\project\activitat2_v2\release\basestate.obj
c:\jordi serrano berbel\enti\tercer curs\inteligencia artificial\activitat2_v2\project\activitat2_v2\release\beatdetector.obj
c:\jordi serrano berbel\enti\tercer curs\inteligencia artificial\activitat2_v2\project\activitat2_v2\release\obstacle.obj
c:\jordi serrano berbel\enti\tercer curs\inteligencia artificial\activitat2_v2\project\activitat2_v2\release\simplepath.obj
c:\jordi serrano berbel\enti\tercer curs\inteligencia artificial\activitat2_v2\project\activitat2_v2\release\player.obj
c:\jordi serrano berbel\enti\tercer curs\inteligencia artificial\activitat2_v2\project\activitat2_v2\release\path.obj
c:\jordi serrano berbel\enti\tercer curs\inteligencia artificial\activitat2_v2\project\activitat2_v2\release\menustate.obj
c:\jordi serrano berbel\enti\tercer curs\inteligencia artificial\activitat2_v2\project\activitat2_v2\release\main.obj
c:\jordi serrano berbel\enti\tercer curs\inteligencia artificial\activitat2_v2\project\activitat2_v2\release\display.obj
c:\jordi serrano berbel\enti\tercer curs\inteligencia artificial\activitat2_v2\project\activitat2_v2\release\trail.obj
c:\jordi serrano berbel\enti\tercer curs\inteligencia artificial\activitat2_v2\project\activitat2_v2\release\timer.obj
c:\jordi serrano berbel\enti\tercer curs\inteligencia artificial\activitat2_v2\project\activitat2_v2\release\statemanager.obj
c:\jordi serrano berbel\enti\tercer curs\inteligencia artificial\activitat2_v2\project\activitat2_v2\release\app.obj
c:\jordi serrano berbel\enti\tercer curs\inteligencia artificial\activitat2_v2\project\activitat2_v2\release\rotatedtext.obj
c:\jordi serrano berbel\enti\tercer curs\inteligencia artificial\activitat2_v2\project\activitat2_v2\release\texture.obj
c:\jordi serrano berbel\enti\tercer curs\inteligencia artificial\activitat2_v2\project\activitat2_v2\release\inputsingleton.obj
c:\jordi serrano berbel\enti\tercer curs\inteligencia artificial\activitat2_v2\project\activitat2_v2\release\bitmapfont.obj
c:\jordi serrano berbel\enti\tercer curs\inteligencia artificial\activitat2_v2\project\activitat2_v2\release\entity.obj
c:\jordi serrano berbel\enti\tercer curs\inteligencia artificial\activitat2_v2\project\activitat2_v2\release\boid.obj
c:\jordi serrano berbel\enti\tercer curs\inteligencia artificial\activitat2_v2\project\activitat2_v2\release\ecosystemstate.obj
c:\jordi serrano berbel\enti\tercer curs\inteligencia artificial\activitat2_v2\project\activitat2_v2\release\activitat2_v2.tlog\cl.command.1.tlog
c:\jordi serrano berbel\enti\tercer curs\inteligencia artificial\activitat2_v2\project\activitat2_v2\release\activitat2_v2.tlog\cl.read.1.tlog
c:\jordi serrano berbel\enti\tercer curs\inteligencia artificial\activitat2_v2\project\activitat2_v2\release\activitat2_v2.tlog\cl.write.1.tlog
c:\jordi serrano berbel\enti\tercer curs\inteligencia artificial\activitat2_v2\project\activitat2_v2\release\activitat2_v2.tlog\link.command.1.tlog
c:\jordi serrano berbel\enti\tercer curs\inteligencia artificial\activitat2_v2\project\activitat2_v2\release\activitat2_v2.tlog\link.read.1.tlog
c:\jordi serrano berbel\enti\tercer curs\inteligencia artificial\activitat2_v2\project\activitat2_v2\release\activitat2_v2.tlog\link.write.1.tlog
